0 info it worked if it ends with ok
1 verbose cli [ '/usr/bin/nodejs',
1 verbose cli   '/usr/bin/npm',
1 verbose cli   'install',
1 verbose cli   'https://github.com/et-soft/yii2-widget-select-year.git' ]
2 info using npm@3.5.2
3 info using node@v4.2.6
4 silly loadCurrentTree Starting
5 silly install loadCurrentTree
6 silly install readLocalPackageData
7 silly fetchPackageMetaData https://github.com/et-soft/yii2-widget-select-year.git
8 silly fetchOtherPackageData https://github.com/et-soft/yii2-widget-select-year.git
9 silly cache add args [ 'https://github.com/et-soft/yii2-widget-select-year.git',
9 silly cache add   null ]
10 verbose cache add spec https://github.com/et-soft/yii2-widget-select-year.git
11 silly cache add parsed spec Result {
11 silly cache add   raw: 'https://github.com/et-soft/yii2-widget-select-year.git',
11 silly cache add   scope: null,
11 silly cache add   name: null,
11 silly cache add   rawSpec: 'https://github.com/et-soft/yii2-widget-select-year.git',
11 silly cache add   spec: 'git+https://github.com/et-soft/yii2-widget-select-year.git',
11 silly cache add   type: 'hosted',
11 silly cache add   hosted:
11 silly cache add    { type: 'github',
11 silly cache add      ssh: 'git@github.com:et-soft/yii2-widget-select-year.git',
11 silly cache add      sshUrl: 'git+ssh://git@github.com/et-soft/yii2-widget-select-year.git',
11 silly cache add      httpsUrl: 'git+https://github.com/et-soft/yii2-widget-select-year.git',
11 silly cache add      gitUrl: 'git://github.com/et-soft/yii2-widget-select-year.git',
11 silly cache add      shortcut: 'github:et-soft/yii2-widget-select-year',
11 silly cache add      directUrl: 'https://raw.githubusercontent.com/et-soft/yii2-widget-select-year/master/package.json' } }
12 verbose addRemoteGit caching https://github.com/et-soft/yii2-widget-select-year.git
13 verbose addRemoteGit git+https://github.com/et-soft/yii2-widget-select-year.git is a repository hosted by github
14 silly tryClone cloning git+https://github.com/et-soft/yii2-widget-select-year.git via git+https://github.com/et-soft/yii2-widget-select-year.git
15 verbose tryClone git-https-github-com-et-soft-yii2-widget-select-year-git-04366bd6 not in flight; caching
16 verbose makeDirectory /home/oleg/.npm/_git-remotes creation not in flight; initializing
17 silly makeDirectory /home/oleg/.npm/_git-remotes uid: 1000 gid: 1000
18 info git [ 'clone',
18 info git   '--template=/home/oleg/.npm/_git-remotes/_templates',
18 info git   '--mirror',
18 info git   'https://github.com/et-soft/yii2-widget-select-year.git',
18 info git   '/home/oleg/.npm/_git-remotes/git-https-github-com-et-soft-yii2-widget-select-year-git-04366bd6' ]
19 verbose mirrorRemote git+https://github.com/et-soft/yii2-widget-select-year.git git clone https://github.com/et-soft/yii2-widget-select-year.git
20 verbose setPermissions git+https://github.com/et-soft/yii2-widget-select-year.git set permissions on /home/oleg/.npm/_git-remotes/git-https-github-com-et-soft-yii2-widget-select-year-git-04366bd6
21 verbose resolveHead git+https://github.com/et-soft/yii2-widget-select-year.git original treeish: master
22 info git [ 'rev-list', '-n1', 'master' ]
23 silly resolveHead git+https://github.com/et-soft/yii2-widget-select-year.git resolved treeish: 54e50594810fb2e094cbbc759db7a70d35b1f7e7
24 verbose resolveHead git+https://github.com/et-soft/yii2-widget-select-year.git resolved Git URL: git+https://github.com/et-soft/yii2-widget-select-year.git#54e50594810fb2e094cbbc759db7a70d35b1f7e7
25 silly resolveHead Git working directory: /tmp/npm-5674-0a32bd88/git-cache-b40acbf1/54e50594810fb2e094cbbc759db7a70d35b1f7e7
26 info git [ 'clone',
26 info git   '/home/oleg/.npm/_git-remotes/git-https-github-com-et-soft-yii2-widget-select-year-git-04366bd6',
26 info git   '/tmp/npm-5674-0a32bd88/git-cache-b40acbf1/54e50594810fb2e094cbbc759db7a70d35b1f7e7' ]
27 verbose cloneResolved git+https://github.com/et-soft/yii2-widget-select-year.git clone Cloning into '/tmp/npm-5674-0a32bd88/git-cache-b40acbf1/54e50594810fb2e094cbbc759db7a70d35b1f7e7'...
27 verbose cloneResolved done.
28 info git [ 'checkout', '54e50594810fb2e094cbbc759db7a70d35b1f7e7' ]
29 verbose checkoutTreeish git+https://github.com/et-soft/yii2-widget-select-year.git checkout Note: checking out '54e50594810fb2e094cbbc759db7a70d35b1f7e7'.
29 verbose checkoutTreeish
29 verbose checkoutTreeish You are in 'detached HEAD' state. You can look around, make experimental
29 verbose checkoutTreeish changes and commit them, and you can discard any commits you make in this
29 verbose checkoutTreeish state without impacting any branches by performing another checkout.
29 verbose checkoutTreeish
29 verbose checkoutTreeish If you want to create a new branch to retain commits you create, you may
29 verbose checkoutTreeish do so (now or later) by using -b with the checkout command again. Example:
29 verbose checkoutTreeish
29 verbose checkoutTreeish   git checkout -b <new-branch-name>
29 verbose checkoutTreeish
29 verbose checkoutTreeish HEAD is now at 54e5059... Update README.md
30 error addLocal Could not install /tmp/npm-5674-0a32bd88/git-cache-b40acbf1/54e50594810fb2e094cbbc759db7a70d35b1f7e7
31 silly fetchPackageMetaData Error: EISDIR: illegal operation on a directory, read
31 silly fetchPackageMetaData     at Error (native)
31 silly fetchPackageMetaData  error for https://github.com/et-soft/yii2-widget-select-year.git { [Error: EISDIR: illegal operation on a directory, read] errno: -21, code: 'EISDIR', syscall: 'read' }
32 silly rollbackFailedOptional Starting
33 silly rollbackFailedOptional Finishing
34 silly runTopLevelLifecycles Starting
35 silly runTopLevelLifecycles Finishing
36 silly install printInstalled
37 verbose stack Error: EISDIR: illegal operation on a directory, read
37 verbose stack     at Error (native)
38 verbose cwd /var/www/money.local
39 error Linux 4.4.0-116-generic
40 error argv "/usr/bin/nodejs" "/usr/bin/npm" "install" "https://github.com/et-soft/yii2-widget-select-year.git"
41 error node v4.2.6
42 error npm  v3.5.2
43 error code EISDIR
44 error errno -21
45 error syscall read
46 error eisdir EISDIR: illegal operation on a directory, read
47 error eisdir This is most likely not a problem with npm itself
47 error eisdir and is related to npm not being able to find a package.json in
47 error eisdir a package you are trying to install.
48 verbose exit [ -21, true ]
